[2019-12-30 16:20:32] testing.ERROR: Cannot modify header information - headers already sent by (output started at C:\laragon\www\Workspace\forum\vendor\phpunit\phpunit\src\Util\Printer.php:113) {"exception":"[object] (ErrorException(code: 0): Cannot modify header information - headers already sent by (output started at C:\\laragon\\www\\Workspace\\forum\\vendor\\phpunit\\phpunit\\src\\Util\\Printer.php:113) at C:\\laragon\\www\\Workspace\\forum\\app\\Http\\Middleware\\Cors.php:8)
[stacktrace]
#0 [internal function]: Illuminate\\Foundation\\Bootstrap\\HandleExceptions->handleError(2, 'Cannot modify h...', 'C:\\\\laragon\\\\www\\\\...', 8, Array)
#1 C:\\laragon\\www\\Workspace\\forum\\app\\Http\\Middleware\\Cors.php(8): header('Access-Control-...')
#2 C:\\laragon\\www\\Workspace\\forum\\vendor\\laravel\\framework\\src\\Illuminate\\Pipeline\\Pipeline.php(171): App\\Http\\Middleware\\CORS->handle(Object(Illuminate\\Http\\Request), Object(Closure))
#3 C:\\laragon\\www\\Workspace\\forum\\vendor\\laravel\\framework\\src\\Illuminate\\Foundation\\Http\\Middleware\\TransformsRequest.php(21): Illuminate\\Pipeline\\Pipeline->Illuminate\\Pipeline\\{closure}(Object(Illuminate\\Http\\Request))
#4 C:\\laragon\\www\\Workspace\\forum\\vendor\\laravel\\framework\\src\\Illuminate\\Pipeline\\Pipeline.php(171): Illuminate\\Foundation\\Http\\Middleware\\TransformsRequest->handle(Object(Illuminate\\Http\\Request), Object(Closure))
#5 C:\\laragon\\www\\Workspace\\forum\\vendor\\laravel\\framework\\src\\Illuminate\\Foundation\\Http\\Middleware\\ValidatePostSize.php(27): Illuminate\\Pipeline\\Pipeline->Illuminate\\Pipeline\\{closure}(Object(Illuminate\\Http\\Request))
#6 C:\\laragon\\www\\Workspace\\forum\\vendor\\laravel\\framework\\src\\Illuminate\\Pipeline\\Pipeline.php(171): Illuminate\\Foundation\\Http\\Middleware\\ValidatePostSize->handle(Object(Illuminate\\Http\\Request), Object(Closure))
#7 C:\\laragon\\www\\Workspace\\forum\\vendor\\laravel\\framework\\src\\Illuminate\\Foundation\\Http\\Middleware\\CheckForMaintenanceMode.php(62): Illuminate\\Pipeline\\Pipeline->Illuminate\\Pipeline\\{closure}(Object(Illuminate\\Http\\Request))
#8 C:\\laragon\\www\\Workspace\\forum\\vendor\\laravel\\framework\\src\\Illuminate\\Pipeline\\Pipeline.php(171): Illuminate\\Foundation\\Http\\Middleware\\CheckForMaintenanceMode->handle(Object(Illuminate\\Http\\Request), Object(Closure))
#9 C:\\laragon\\www\\Workspace\\forum\\vendor\\fideloper\\proxy\\src\\TrustProxies.php(57): Illuminate\\Pipeline\\Pipeline->Illuminate\\Pipeline\\{closure}(Object(Illuminate\\Http\\Request))
#10 C:\\laragon\\www\\Workspace\\forum\\vendor\\laravel\\framework\\src\\Illuminate\\Pipeline\\Pipeline.php(171): Fideloper\\Proxy\\TrustProxies->handle(Object(Illuminate\\Http\\Request), Object(Closure))
#11 C:\\laragon\\www\\Workspace\\forum\\vendor\\laravel\\framework\\src\\Illuminate\\Pipeline\\Pipeline.php(105): Illuminate\\Pipeline\\Pipeline->Illuminate\\Pipeline\\{closure}(Object(Illuminate\\Http\\Request))
#12 C:\\laragon\\www\\Workspace\\forum\\vendor\\laravel\\framework\\src\\Illuminate\\Foundation\\Http\\Kernel.php(151): Illuminate\\Pipeline\\Pipeline->then(Object(Closure))
#13 C:\\laragon\\www\\Workspace\\forum\\vendor\\laravel\\framework\\src\\Illuminate\\Foundation\\Http\\Kernel.php(116): Illuminate\\Foundation\\Http\\Kernel->sendRequestThroughRouter(Object(Illuminate\\Http\\Request))
#14 C:\\laragon\\www\\Workspace\\forum\\vendor\\laravel\\framework\\src\\Illuminate\\Foundation\\Testing\\Concerns\\MakesHttpRequests.php(434): Illuminate\\Foundation\\Http\\Kernel->handle(Object(Illuminate\\Http\\Request))
#15 C:\\laragon\\www\\Workspace\\forum\\vendor\\laravel\\framework\\src\\Illuminate\\Foundation\\Testing\\Concerns\\MakesHttpRequests.php(224): Illuminate\\Foundation\\Testing\\TestCase->call('GET', '/student', Array, Array, Array, Array)
#16 C:\\laragon\\www\\Workspace\\forum\\tests\\Feature\\HomeTest.php(13): Illuminate\\Foundation\\Testing\\TestCase->get('/student')
#17 C:\\laragon\\www\\Workspace\\forum\\vendor\\phpunit\\phpunit\\src\\Framework\\TestCase.php(1400): Tests\\Feature\\HomeTest->testStudentPage()
#18 C:\\laragon\\www\\Workspace\\forum\\vendor\\phpunit\\phpunit\\src\\Framework\\TestCase.php(1020): PHPUnit\\Framework\\TestCase->runTest()
#19 C:\\laragon\\www\\Workspace\\forum\\vendor\\phpunit\\phpunit\\src\\Framework\\TestResult.php(691): PHPUnit\\Framework\\TestCase->runBare()
#20 C:\\laragon\\www\\Workspace\\forum\\vendor\\phpunit\\phpunit\\src\\Framework\\TestCase.php(752): PHPUnit\\Framework\\TestResult->run(Object(Tests\\Feature\\HomeTest))
#21 C:\\laragon\\www\\Workspace\\forum\\vendor\\phpunit\\phpunit\\src\\Framework\\TestSuite.php(569): PHPUnit\\Framework\\TestCase->run(Object(PHPUnit\\Framework\\TestResult))
#22 C:\\laragon\\www\\Workspace\\forum\\vendor\\phpunit\\phpunit\\src\\Framework\\TestSuite.php(569): PHPUnit\\Framework\\TestSuite->run(Object(PHPUnit\\Framework\\TestResult))
#23 C:\\laragon\\www\\Workspace\\forum\\vendor\\phpunit\\phpunit\\src\\Framework\\TestSuite.php(569): PHPUnit\\Framework\\TestSuite->run(Object(PHPUnit\\Framework\\TestResult))
#24 C:\\laragon\\www\\Workspace\\forum\\vendor\\phpunit\\phpunit\\src\\TextUI\\TestRunner.php(616): PHPUnit\\Framework\\TestSuite->run(Object(PHPUnit\\Framework\\TestResult))
#25 C:\\laragon\\www\\Workspace\\forum\\vendor\\phpunit\\phpunit\\src\\TextUI\\Command.php(200): PHPUnit\\TextUI\\TestRunner->doRun(Object(PHPUnit\\Framework\\TestSuite), Array, true)
#26 C:\\laragon\\www\\Workspace\\forum\\vendor\\phpunit\\phpunit\\src\\TextUI\\Command.php(159): PHPUnit\\TextUI\\Command->run(Array, true)
#27 C:\\laragon\\www\\Workspace\\forum\\vendor\\phpunit\\phpunit\\phpunit(61): PHPUnit\\TextUI\\Command::main()
#28 {main}
"} 
[2019-12-30 16:20:34] testing.ERROR: Cannot modify header information - headers already sent by (output started at C:\laragon\www\Workspace\forum\vendor\phpunit\phpunit\src\Util\Printer.php:113) {"exception":"[object] (ErrorException(code: 0): Cannot modify header information - headers already sent by (output started at C:\\laragon\\www\\Workspace\\forum\\vendor\\phpunit\\phpunit\\src\\Util\\Printer.php:113) at C:\\laragon\\www\\Workspace\\forum\\app\\Http\\Middleware\\Cors.php:8)
[stacktrace]
#0 [internal function]: Illuminate\\Foundation\\Bootstrap\\HandleExceptions->handleError(2, 'Cannot modify h...', 'C:\\\\laragon\\\\www\\\\...', 8, Array)
#1 C:\\laragon\\www\\Workspace\\forum\\app\\Http\\Middleware\\Cors.php(8): header('Access-Control-...')
#2 C:\\laragon\\www\\Workspace\\forum\\vendor\\laravel\\framework\\src\\Illuminate\\Pipeline\\Pipeline.php(171): App\\Http\\Middleware\\CORS->handle(Object(Illuminate\\Http\\Request), Object(Closure))
#3 C:\\laragon\\www\\Workspace\\forum\\vendor\\laravel\\framework\\src\\Illuminate\\Foundation\\Http\\Middleware\\TransformsRequest.php(21): Illuminate\\Pipeline\\Pipeline->Illuminate\\Pipeline\\{closure}(Object(Illuminate\\Http\\Request))
#4 C:\\laragon\\www\\Workspace\\forum\\vendor\\laravel\\framework\\src\\Illuminate\\Pipeline\\Pipeline.php(171): Illuminate\\Foundation\\Http\\Middleware\\TransformsRequest->handle(Object(Illuminate\\Http\\Request), Object(Closure))
#5 C:\\laragon\\www\\Workspace\\forum\\vendor\\laravel\\framework\\src\\Illuminate\\Foundation\\Http\\Middleware\\ValidatePostSize.php(27): Illuminate\\Pipeline\\Pipeline->Illuminate\\Pipeline\\{closure}(Object(Illuminate\\Http\\Request))
#6 C:\\laragon\\www\\Workspace\\forum\\vendor\\laravel\\framework\\src\\Illuminate\\Pipeline\\Pipeline.php(171): Illuminate\\Foundation\\Http\\Middleware\\ValidatePostSize->handle(Object(Illuminate\\Http\\Request), Object(Closure))
#7 C:\\laragon\\www\\Workspace\\forum\\vendor\\laravel\\framework\\src\\Illuminate\\Foundation\\Http\\Middleware\\CheckForMaintenanceMode.php(62): Illuminate\\Pipeline\\Pipeline->Illuminate\\Pipeline\\{closure}(Object(Illuminate\\Http\\Request))
#8 C:\\laragon\\www\\Workspace\\forum\\vendor\\laravel\\framework\\src\\Illuminate\\Pipeline\\Pipeline.php(171): Illuminate\\Foundation\\Http\\Middleware\\CheckForMaintenanceMode->handle(Object(Illuminate\\Http\\Request), Object(Closure))
#9 C:\\laragon\\www\\Workspace\\forum\\vendor\\fideloper\\proxy\\src\\TrustProxies.php(57): Illuminate\\Pipeline\\Pipeline->Illuminate\\Pipeline\\{closure}(Object(Illuminate\\Http\\Request))
#10 C:\\laragon\\www\\Workspace\\forum\\vendor\\laravel\\framework\\src\\Illuminate\\Pipeline\\Pipeline.php(171): Fideloper\\Proxy\\TrustProxies->handle(Object(Illuminate\\Http\\Request), Object(Closure))
#11 C:\\laragon\\www\\Workspace\\forum\\vendor\\laravel\\framework\\src\\Illuminate\\Pipeline\\Pipeline.php(105): Illuminate\\Pipeline\\Pipeline->Illuminate\\Pipeline\\{closure}(Object(Illuminate\\Http\\Request))
#12 C:\\laragon\\www\\Workspace\\forum\\vendor\\laravel\\framework\\src\\Illuminate\\Foundation\\Http\\Kernel.php(151): Illuminate\\Pipeline\\Pipeline->then(Object(Closure))
#13 C:\\laragon\\www\\Workspace\\forum\\vendor\\laravel\\framework\\src\\Illuminate\\Foundation\\Http\\Kernel.php(116): Illuminate\\Foundation\\Http\\Kernel->sendRequestThroughRouter(Object(Illuminate\\Http\\Request))
#14 C:\\laragon\\www\\Workspace\\forum\\vendor\\laravel\\framework\\src\\Illuminate\\Foundation\\Testing\\Concerns\\MakesHttpRequests.php(434): Illuminate\\Foundation\\Http\\Kernel->handle(Object(Illuminate\\Http\\Request))
#15 C:\\laragon\\www\\Workspace\\forum\\vendor\\laravel\\framework\\src\\Illuminate\\Foundation\\Testing\\Concerns\\MakesHttpRequests.php(224): Illuminate\\Foundation\\Testing\\TestCase->call('GET', '/teacher', Array, Array, Array, Array)
#16 C:\\laragon\\www\\Workspace\\forum\\tests\\Feature\\HomeTest.php(19): Illuminate\\Foundation\\Testing\\TestCase->get('/teacher')
#17 C:\\laragon\\www\\Workspace\\forum\\vendor\\phpunit\\phpunit\\src\\Framework\\TestCase.php(1400): Tests\\Feature\\HomeTest->testTeacherPage()
#18 C:\\laragon\\www\\Workspace\\forum\\vendor\\phpunit\\phpunit\\src\\Framework\\TestCase.php(1020): PHPUnit\\Framework\\TestCase->runTest()
#19 C:\\laragon\\www\\Workspace\\forum\\vendor\\phpunit\\phpunit\\src\\Framework\\TestResult.php(691): PHPUnit\\Framework\\TestCase->runBare()
#20 C:\\laragon\\www\\Workspace\\forum\\vendor\\phpunit\\phpunit\\src\\Framework\\TestCase.php(752): PHPUnit\\Framework\\TestResult->run(Object(Tests\\Feature\\HomeTest))
#21 C:\\laragon\\www\\Workspace\\forum\\vendor\\phpunit\\phpunit\\src\\Framework\\TestSuite.php(569): PHPUnit\\Framework\\TestCase->run(Object(PHPUnit\\Framework\\TestResult))
#22 C:\\laragon\\www\\Workspace\\forum\\vendor\\phpunit\\phpunit\\src\\Framework\\TestSuite.php(569): PHPUnit\\Framework\\TestSuite->run(Object(PHPUnit\\Framework\\TestResult))
#23 C:\\laragon\\www\\Workspace\\forum\\vendor\\phpunit\\phpunit\\src\\Framework\\TestSuite.php(569): PHPUnit\\Framework\\TestSuite->run(Object(PHPUnit\\Framework\\TestResult))
#24 C:\\laragon\\www\\Workspace\\forum\\vendor\\phpunit\\phpunit\\src\\TextUI\\TestRunner.php(616): PHPUnit\\Framework\\TestSuite->run(Object(PHPUnit\\Framework\\TestResult))
#25 C:\\laragon\\www\\Workspace\\forum\\vendor\\phpunit\\phpunit\\src\\TextUI\\Command.php(200): PHPUnit\\TextUI\\TestRunner->doRun(Object(PHPUnit\\Framework\\TestSuite), Array, true)
#26 C:\\laragon\\www\\Workspace\\forum\\vendor\\phpunit\\phpunit\\src\\TextUI\\Command.php(159): PHPUnit\\TextUI\\Command->run(Array, true)
#27 C:\\laragon\\www\\Workspace\\forum\\vendor\\phpunit\\phpunit\\phpunit(61): PHPUnit\\TextUI\\Command::main()
#28 {main}
"} 
[2019-12-30 16:20:35] testing.ERROR: Cannot modify header information - headers already sent by (output started at C:\laragon\www\Workspace\forum\vendor\phpunit\phpunit\src\Util\Printer.php:113) {"exception":"[object] (ErrorException(code: 0): Cannot modify header information - headers already sent by (output started at C:\\laragon\\www\\Workspace\\forum\\vendor\\phpunit\\phpunit\\src\\Util\\Printer.php:113) at C:\\laragon\\www\\Workspace\\forum\\app\\Http\\Middleware\\Cors.php:8)
[stacktrace]
#0 [internal function]: Illuminate\\Foundation\\Bootstrap\\HandleExceptions->handleError(2, 'Cannot modify h...', 'C:\\\\laragon\\\\www\\\\...', 8, Array)
#1 C:\\laragon\\www\\Workspace\\forum\\app\\Http\\Middleware\\Cors.php(8): header('Access-Control-...')
#2 C:\\laragon\\www\\Workspace\\forum\\vendor\\laravel\\framework\\src\\Illuminate\\Pipeline\\Pipeline.php(171): App\\Http\\Middleware\\CORS->handle(Object(Illuminate\\Http\\Request), Object(Closure))
#3 C:\\laragon\\www\\Workspace\\forum\\vendor\\laravel\\framework\\src\\Illuminate\\Foundation\\Http\\Middleware\\TransformsRequest.php(21): Illuminate\\Pipeline\\Pipeline->Illuminate\\Pipeline\\{closure}(Object(Illuminate\\Http\\Request))
#4 C:\\laragon\\www\\Workspace\\forum\\vendor\\laravel\\framework\\src\\Illuminate\\Pipeline\\Pipeline.php(171): Illuminate\\Foundation\\Http\\Middleware\\TransformsRequest->handle(Object(Illuminate\\Http\\Request), Object(Closure))
#5 C:\\laragon\\www\\Workspace\\forum\\vendor\\laravel\\framework\\src\\Illuminate\\Foundation\\Http\\Middleware\\ValidatePostSize.php(27): Illuminate\\Pipeline\\Pipeline->Illuminate\\Pipeline\\{closure}(Object(Illuminate\\Http\\Request))
#6 C:\\laragon\\www\\Workspace\\forum\\vendor\\laravel\\framework\\src\\Illuminate\\Pipeline\\Pipeline.php(171): Illuminate\\Foundation\\Http\\Middleware\\ValidatePostSize->handle(Object(Illuminate\\Http\\Request), Object(Closure))
#7 C:\\laragon\\www\\Workspace\\forum\\vendor\\laravel\\framework\\src\\Illuminate\\Foundation\\Http\\Middleware\\CheckForMaintenanceMode.php(62): Illuminate\\Pipeline\\Pipeline->Illuminate\\Pipeline\\{closure}(Object(Illuminate\\Http\\Request))
#8 C:\\laragon\\www\\Workspace\\forum\\vendor\\laravel\\framework\\src\\Illuminate\\Pipeline\\Pipeline.php(171): Illuminate\\Foundation\\Http\\Middleware\\CheckForMaintenanceMode->handle(Object(Illuminate\\Http\\Request), Object(Closure))
#9 C:\\laragon\\www\\Workspace\\forum\\vendor\\fideloper\\proxy\\src\\TrustProxies.php(57): Illuminate\\Pipeline\\Pipeline->Illuminate\\Pipeline\\{closure}(Object(Illuminate\\Http\\Request))
#10 C:\\laragon\\www\\Workspace\\forum\\vendor\\laravel\\framework\\src\\Illuminate\\Pipeline\\Pipeline.php(171): Fideloper\\Proxy\\TrustProxies->handle(Object(Illuminate\\Http\\Request), Object(Closure))
#11 C:\\laragon\\www\\Workspace\\forum\\vendor\\laravel\\framework\\src\\Illuminate\\Pipeline\\Pipeline.php(105): Illuminate\\Pipeline\\Pipeline->Illuminate\\Pipeline\\{closure}(Object(Illuminate\\Http\\Request))
#12 C:\\laragon\\www\\Workspace\\forum\\vendor\\laravel\\framework\\src\\Illuminate\\Foundation\\Http\\Kernel.php(151): Illuminate\\Pipeline\\Pipeline->then(Object(Closure))
#13 C:\\laragon\\www\\Workspace\\forum\\vendor\\laravel\\framework\\src\\Illuminate\\Foundation\\Http\\Kernel.php(116): Illuminate\\Foundation\\Http\\Kernel->sendRequestThroughRouter(Object(Illuminate\\Http\\Request))
#14 C:\\laragon\\www\\Workspace\\forum\\vendor\\laravel\\framework\\src\\Illuminate\\Foundation\\Testing\\Concerns\\MakesHttpRequests.php(434): Illuminate\\Foundation\\Http\\Kernel->handle(Object(Illuminate\\Http\\Request))
#15 C:\\laragon\\www\\Workspace\\forum\\vendor\\laravel\\framework\\src\\Illuminate\\Foundation\\Testing\\Concerns\\MakesHttpRequests.php(224): Illuminate\\Foundation\\Testing\\TestCase->call('GET', '/login', Array, Array, Array, Array)
#16 C:\\laragon\\www\\Workspace\\forum\\tests\\Feature\\HomeTest.php(25): Illuminate\\Foundation\\Testing\\TestCase->get('/login')
#17 C:\\laragon\\www\\Workspace\\forum\\vendor\\phpunit\\phpunit\\src\\Framework\\TestCase.php(1400): Tests\\Feature\\HomeTest->testLoginPage()
#18 C:\\laragon\\www\\Workspace\\forum\\vendor\\phpunit\\phpunit\\src\\Framework\\TestCase.php(1020): PHPUnit\\Framework\\TestCase->runTest()
#19 C:\\laragon\\www\\Workspace\\forum\\vendor\\phpunit\\phpunit\\src\\Framework\\TestResult.php(691): PHPUnit\\Framework\\TestCase->runBare()
#20 C:\\laragon\\www\\Workspace\\forum\\vendor\\phpunit\\phpunit\\src\\Framework\\TestCase.php(752): PHPUnit\\Framework\\TestResult->run(Object(Tests\\Feature\\HomeTest))
#21 C:\\laragon\\www\\Workspace\\forum\\vendor\\phpunit\\phpunit\\src\\Framework\\TestSuite.php(569): PHPUnit\\Framework\\TestCase->run(Object(PHPUnit\\Framework\\TestResult))
#22 C:\\laragon\\www\\Workspace\\forum\\vendor\\phpunit\\phpunit\\src\\Framework\\TestSuite.php(569): PHPUnit\\Framework\\TestSuite->run(Object(PHPUnit\\Framework\\TestResult))
#23 C:\\laragon\\www\\Workspace\\forum\\vendor\\phpunit\\phpunit\\src\\Framework\\TestSuite.php(569): PHPUnit\\Framework\\TestSuite->run(Object(PHPUnit\\Framework\\TestResult))
#24 C:\\laragon\\www\\Workspace\\forum\\vendor\\phpunit\\phpunit\\src\\TextUI\\TestRunner.php(616): PHPUnit\\Framework\\TestSuite->run(Object(PHPUnit\\Framework\\TestResult))
#25 C:\\laragon\\www\\Workspace\\forum\\vendor\\phpunit\\phpunit\\src\\TextUI\\Command.php(200): PHPUnit\\TextUI\\TestRunner->doRun(Object(PHPUnit\\Framework\\TestSuite), Array, true)
#26 C:\\laragon\\www\\Workspace\\forum\\vendor\\phpunit\\phpunit\\src\\TextUI\\Command.php(159): PHPUnit\\TextUI\\Command->run(Array, true)
#27 C:\\laragon\\www\\Workspace\\forum\\vendor\\phpunit\\phpunit\\phpunit(61): PHPUnit\\TextUI\\Command::main()
#28 {main}
"} 
[2019-12-30 16:20:36] testing.ERROR: Cannot modify header information - headers already sent by (output started at C:\laragon\www\Workspace\forum\vendor\phpunit\phpunit\src\Util\Printer.php:113) {"exception":"[object] (ErrorException(code: 0): Cannot modify header information - headers already sent by (output started at C:\\laragon\\www\\Workspace\\forum\\vendor\\phpunit\\phpunit\\src\\Util\\Printer.php:113) at C:\\laragon\\www\\Workspace\\forum\\app\\Http\\Middleware\\Cors.php:8)
[stacktrace]
#0 [internal function]: Illuminate\\Foundation\\Bootstrap\\HandleExceptions->handleError(2, 'Cannot modify h...', 'C:\\\\laragon\\\\www\\\\...', 8, Array)
#1 C:\\laragon\\www\\Workspace\\forum\\app\\Http\\Middleware\\Cors.php(8): header('Access-Control-...')
#2 C:\\laragon\\www\\Workspace\\forum\\vendor\\laravel\\framework\\src\\Illuminate\\Pipeline\\Pipeline.php(171): App\\Http\\Middleware\\CORS->handle(Object(Illuminate\\Http\\Request), Object(Closure))
#3 C:\\laragon\\www\\Workspace\\forum\\vendor\\laravel\\framework\\src\\Illuminate\\Foundation\\Http\\Middleware\\TransformsRequest.php(21): Illuminate\\Pipeline\\Pipeline->Illuminate\\Pipeline\\{closure}(Object(Illuminate\\Http\\Request))
#4 C:\\laragon\\www\\Workspace\\forum\\vendor\\laravel\\framework\\src\\Illuminate\\Pipeline\\Pipeline.php(171): Illuminate\\Foundation\\Http\\Middleware\\TransformsRequest->handle(Object(Illuminate\\Http\\Request), Object(Closure))
#5 C:\\laragon\\www\\Workspace\\forum\\vendor\\laravel\\framework\\src\\Illuminate\\Foundation\\Http\\Middleware\\ValidatePostSize.php(27): Illuminate\\Pipeline\\Pipeline->Illuminate\\Pipeline\\{closure}(Object(Illuminate\\Http\\Request))
#6 C:\\laragon\\www\\Workspace\\forum\\vendor\\laravel\\framework\\src\\Illuminate\\Pipeline\\Pipeline.php(171): Illuminate\\Foundation\\Http\\Middleware\\ValidatePostSize->handle(Object(Illuminate\\Http\\Request), Object(Closure))
#7 C:\\laragon\\www\\Workspace\\forum\\vendor\\laravel\\framework\\src\\Illuminate\\Foundation\\Http\\Middleware\\CheckForMaintenanceMode.php(62): Illuminate\\Pipeline\\Pipeline->Illuminate\\Pipeline\\{closure}(Object(Illuminate\\Http\\Request))
#8 C:\\laragon\\www\\Workspace\\forum\\vendor\\laravel\\framework\\src\\Illuminate\\Pipeline\\Pipeline.php(171): Illuminate\\Foundation\\Http\\Middleware\\CheckForMaintenanceMode->handle(Object(Illuminate\\Http\\Request), Object(Closure))
#9 C:\\laragon\\www\\Workspace\\forum\\vendor\\fideloper\\proxy\\src\\TrustProxies.php(57): Illuminate\\Pipeline\\Pipeline->Illuminate\\Pipeline\\{closure}(Object(Illuminate\\Http\\Request))
#10 C:\\laragon\\www\\Workspace\\forum\\vendor\\laravel\\framework\\src\\Illuminate\\Pipeline\\Pipeline.php(171): Fideloper\\Proxy\\TrustProxies->handle(Object(Illuminate\\Http\\Request), Object(Closure))
#11 C:\\laragon\\www\\Workspace\\forum\\vendor\\laravel\\framework\\src\\Illuminate\\Pipeline\\Pipeline.php(105): Illuminate\\Pipeline\\Pipeline->Illuminate\\Pipeline\\{closure}(Object(Illuminate\\Http\\Request))
#12 C:\\laragon\\www\\Workspace\\forum\\vendor\\laravel\\framework\\src\\Illuminate\\Foundation\\Http\\Kernel.php(151): Illuminate\\Pipeline\\Pipeline->then(Object(Closure))
#13 C:\\laragon\\www\\Workspace\\forum\\vendor\\laravel\\framework\\src\\Illuminate\\Foundation\\Http\\Kernel.php(116): Illuminate\\Foundation\\Http\\Kernel->sendRequestThroughRouter(Object(Illuminate\\Http\\Request))
#14 C:\\laragon\\www\\Workspace\\forum\\vendor\\laravel\\framework\\src\\Illuminate\\Foundation\\Testing\\Concerns\\MakesHttpRequests.php(434): Illuminate\\Foundation\\Http\\Kernel->handle(Object(Illuminate\\Http\\Request))
#15 C:\\laragon\\www\\Workspace\\forum\\vendor\\laravel\\framework\\src\\Illuminate\\Foundation\\Testing\\Concerns\\MakesHttpRequests.php(224): Illuminate\\Foundation\\Testing\\TestCase->call('GET', '/', Array, Array, Array, Array)
#16 C:\\laragon\\www\\Workspace\\forum\\tests\\Feature\\HomeTest.php(31): Illuminate\\Foundation\\Testing\\TestCase->get('/')
#17 C:\\laragon\\www\\Workspace\\forum\\vendor\\phpunit\\phpunit\\src\\Framework\\TestCase.php(1400): Tests\\Feature\\HomeTest->testHomePage()
#18 C:\\laragon\\www\\Workspace\\forum\\vendor\\phpunit\\phpunit\\src\\Framework\\TestCase.php(1020): PHPUnit\\Framework\\TestCase->runTest()
#19 C:\\laragon\\www\\Workspace\\forum\\vendor\\phpunit\\phpunit\\src\\Framework\\TestResult.php(691): PHPUnit\\Framework\\TestCase->runBare()
#20 C:\\laragon\\www\\Workspace\\forum\\vendor\\phpunit\\phpunit\\src\\Framework\\TestCase.php(752): PHPUnit\\Framework\\TestResult->run(Object(Tests\\Feature\\HomeTest))
#21 C:\\laragon\\www\\Workspace\\forum\\vendor\\phpunit\\phpunit\\src\\Framework\\TestSuite.php(569): PHPUnit\\Framework\\TestCase->run(Object(PHPUnit\\Framework\\TestResult))
#22 C:\\laragon\\www\\Workspace\\forum\\vendor\\phpunit\\phpunit\\src\\Framework\\TestSuite.php(569): PHPUnit\\Framework\\TestSuite->run(Object(PHPUnit\\Framework\\TestResult))
#23 C:\\laragon\\www\\Workspace\\forum\\vendor\\phpunit\\phpunit\\src\\Framework\\TestSuite.php(569): PHPUnit\\Framework\\TestSuite->run(Object(PHPUnit\\Framework\\TestResult))
#24 C:\\laragon\\www\\Workspace\\forum\\vendor\\phpunit\\phpunit\\src\\TextUI\\TestRunner.php(616): PHPUnit\\Framework\\TestSuite->run(Object(PHPUnit\\Framework\\TestResult))
#25 C:\\laragon\\www\\Workspace\\forum\\vendor\\phpunit\\phpunit\\src\\TextUI\\Command.php(200): PHPUnit\\TextUI\\TestRunner->doRun(Object(PHPUnit\\Framework\\TestSuite), Array, true)
#26 C:\\laragon\\www\\Workspace\\forum\\vendor\\phpunit\\phpunit\\src\\TextUI\\Command.php(159): PHPUnit\\TextUI\\Command->run(Array, true)
#27 C:\\laragon\\www\\Workspace\\forum\\vendor\\phpunit\\phpunit\\phpunit(61): PHPUnit\\TextUI\\Command::main()
#28 {main}
"} 
[2019-12-30 16:40:34] testing.ERROR: Cannot modify header information - headers already sent by (output started at C:\laragon\www\Workspace\forum\vendor\phpunit\phpunit\src\Util\Printer.php:113) {"exception":"[object] (ErrorException(code: 0): Cannot modify header information - headers already sent by (output started at C:\\laragon\\www\\Workspace\\forum\\vendor\\phpunit\\phpunit\\src\\Util\\Printer.php:113) at C:\\laragon\\www\\Workspace\\forum\\app\\Http\\Middleware\\Cors.php:8)
[stacktrace]
#0 [internal function]: Illuminate\\Foundation\\Bootstrap\\HandleExceptions->handleError(2, 'Cannot modify h...', 'C:\\\\laragon\\\\www\\\\...', 8, Array)
#1 C:\\laragon\\www\\Workspace\\forum\\app\\Http\\Middleware\\Cors.php(8): header('Access-Control-...')
#2 C:\\laragon\\www\\Workspace\\forum\\vendor\\laravel\\framework\\src\\Illuminate\\Pipeline\\Pipeline.php(171): App\\Http\\Middleware\\CORS->handle(Object(Illuminate\\Http\\Request), Object(Closure))
#3 C:\\laragon\\www\\Workspace\\forum\\vendor\\laravel\\framework\\src\\Illuminate\\Foundation\\Http\\Middleware\\TransformsRequest.php(21): Illuminate\\Pipeline\\Pipeline->Illuminate\\Pipeline\\{closure}(Object(Illuminate\\Http\\Request))
#4 C:\\laragon\\www\\Workspace\\forum\\vendor\\laravel\\framework\\src\\Illuminate\\Pipeline\\Pipeline.php(171): Illuminate\\Foundation\\Http\\Middleware\\TransformsRequest->handle(Object(Illuminate\\Http\\Request), Object(Closure))
#5 C:\\laragon\\www\\Workspace\\forum\\vendor\\laravel\\framework\\src\\Illuminate\\Foundation\\Http\\Middleware\\ValidatePostSize.php(27): Illuminate\\Pipeline\\Pipeline->Illuminate\\Pipeline\\{closure}(Object(Illuminate\\Http\\Request))
#6 C:\\laragon\\www\\Workspace\\forum\\vendor\\laravel\\framework\\src\\Illuminate\\Pipeline\\Pipeline.php(171): Illuminate\\Foundation\\Http\\Middleware\\ValidatePostSize->handle(Object(Illuminate\\Http\\Request), Object(Closure))
#7 C:\\laragon\\www\\Workspace\\forum\\vendor\\laravel\\framework\\src\\Illuminate\\Foundation\\Http\\Middleware\\CheckForMaintenanceMode.php(62): Illuminate\\Pipeline\\Pipeline->Illuminate\\Pipeline\\{closure}(Object(Illuminate\\Http\\Request))
#8 C:\\laragon\\www\\Workspace\\forum\\vendor\\laravel\\framework\\src\\Illuminate\\Pipeline\\Pipeline.php(171): Illuminate\\Foundation\\Http\\Middleware\\CheckForMaintenanceMode->handle(Object(Illuminate\\Http\\Request), Object(Closure))
#9 C:\\laragon\\www\\Workspace\\forum\\vendor\\fideloper\\proxy\\src\\TrustProxies.php(57): Illuminate\\Pipeline\\Pipeline->Illuminate\\Pipeline\\{closure}(Object(Illuminate\\Http\\Request))
#10 C:\\laragon\\www\\Workspace\\forum\\vendor\\laravel\\framework\\src\\Illuminate\\Pipeline\\Pipeline.php(171): Fideloper\\Proxy\\TrustProxies->handle(Object(Illuminate\\Http\\Request), Object(Closure))
#11 C:\\laragon\\www\\Workspace\\forum\\vendor\\laravel\\framework\\src\\Illuminate\\Pipeline\\Pipeline.php(105): Illuminate\\Pipeline\\Pipeline->Illuminate\\Pipeline\\{closure}(Object(Illuminate\\Http\\Request))
#12 C:\\laragon\\www\\Workspace\\forum\\vendor\\laravel\\framework\\src\\Illuminate\\Foundation\\Http\\Kernel.php(151): Illuminate\\Pipeline\\Pipeline->then(Object(Closure))
#13 C:\\laragon\\www\\Workspace\\forum\\vendor\\laravel\\framework\\src\\Illuminate\\Foundation\\Http\\Kernel.php(116): Illuminate\\Foundation\\Http\\Kernel->sendRequestThroughRouter(Object(Illuminate\\Http\\Request))
#14 C:\\laragon\\www\\Workspace\\forum\\vendor\\laravel\\framework\\src\\Illuminate\\Foundation\\Testing\\Concerns\\MakesHttpRequests.php(434): Illuminate\\Foundation\\Http\\Kernel->handle(Object(Illuminate\\Http\\Request))
#15 C:\\laragon\\www\\Workspace\\forum\\vendor\\laravel\\framework\\src\\Illuminate\\Foundation\\Testing\\Concerns\\MakesHttpRequests.php(224): Illuminate\\Foundation\\Testing\\TestCase->call('GET', '/student', Array, Array, Array, Array)
#16 C:\\laragon\\www\\Workspace\\forum\\tests\\Feature\\HomeTest.php(14): Illuminate\\Foundation\\Testing\\TestCase->get('/student')
#17 C:\\laragon\\www\\Workspace\\forum\\vendor\\phpunit\\phpunit\\src\\Framework\\TestCase.php(1400): Tests\\Feature\\HomeTest->testStudentPage()
#18 C:\\laragon\\www\\Workspace\\forum\\vendor\\phpunit\\phpunit\\src\\Framework\\TestCase.php(1020): PHPUnit\\Framework\\TestCase->runTest()
#19 C:\\laragon\\www\\Workspace\\forum\\vendor\\phpunit\\phpunit\\src\\Framework\\TestResult.php(691): PHPUnit\\Framework\\TestCase->runBare()
#20 C:\\laragon\\www\\Workspace\\forum\\vendor\\phpunit\\phpunit\\src\\Framework\\TestCase.php(752): PHPUnit\\Framework\\TestResult->run(Object(Tests\\Feature\\HomeTest))
#21 C:\\laragon\\www\\Workspace\\forum\\vendor\\phpunit\\phpunit\\src\\Framework\\TestSuite.php(569): PHPUnit\\Framework\\TestCase->run(Object(PHPUnit\\Framework\\TestResult))
#22 C:\\laragon\\www\\Workspace\\forum\\vendor\\phpunit\\phpunit\\src\\Framework\\TestSuite.php(569): PHPUnit\\Framework\\TestSuite->run(Object(PHPUnit\\Framework\\TestResult))
#23 C:\\laragon\\www\\Workspace\\forum\\vendor\\phpunit\\phpunit\\src\\Framework\\TestSuite.php(569): PHPUnit\\Framework\\TestSuite->run(Object(PHPUnit\\Framework\\TestResult))
#24 C:\\laragon\\www\\Workspace\\forum\\vendor\\phpunit\\phpunit\\src\\TextUI\\TestRunner.php(616): PHPUnit\\Framework\\TestSuite->run(Object(PHPUnit\\Framework\\TestResult))
#25 C:\\laragon\\www\\Workspace\\forum\\vendor\\phpunit\\phpunit\\src\\TextUI\\Command.php(200): PHPUnit\\TextUI\\TestRunner->doRun(Object(PHPUnit\\Framework\\TestSuite), Array, true)
#26 C:\\laragon\\www\\Workspace\\forum\\vendor\\phpunit\\phpunit\\src\\TextUI\\Command.php(159): PHPUnit\\TextUI\\Command->run(Array, true)
#27 C:\\laragon\\www\\Workspace\\forum\\vendor\\phpunit\\phpunit\\phpunit(61): PHPUnit\\TextUI\\Command::main()
#28 {main}
"} 
[2019-12-30 16:41:43] testing.ERROR: Cannot modify header information - headers already sent by (output started at C:\laragon\www\Workspace\forum\vendor\phpunit\phpunit\src\Util\Printer.php:113) {"exception":"[object] (ErrorException(code: 0): Cannot modify header information - headers already sent by (output started at C:\\laragon\\www\\Workspace\\forum\\vendor\\phpunit\\phpunit\\src\\Util\\Printer.php:113) at C:\\laragon\\www\\Workspace\\forum\\app\\Http\\Middleware\\Cors.php:8)
[stacktrace]
#0 [internal function]: Illuminate\\Foundation\\Bootstrap\\HandleExceptions->handleError(2, 'Cannot modify h...', 'C:\\\\laragon\\\\www\\\\...', 8, Array)
#1 C:\\laragon\\www\\Workspace\\forum\\app\\Http\\Middleware\\Cors.php(8): header('Access-Control-...')
#2 C:\\laragon\\www\\Workspace\\forum\\vendor\\laravel\\framework\\src\\Illuminate\\Pipeline\\Pipeline.php(171): App\\Http\\Middleware\\CORS->handle(Object(Illuminate\\Http\\Request), Object(Closure))
#3 C:\\laragon\\www\\Workspace\\forum\\vendor\\laravel\\framework\\src\\Illuminate\\Foundation\\Http\\Middleware\\TransformsRequest.php(21): Illuminate\\Pipeline\\Pipeline->Illuminate\\Pipeline\\{closure}(Object(Illuminate\\Http\\Request))
#4 C:\\laragon\\www\\Workspace\\forum\\vendor\\laravel\\framework\\src\\Illuminate\\Pipeline\\Pipeline.php(171): Illuminate\\Foundation\\Http\\Middleware\\TransformsRequest->handle(Object(Illuminate\\Http\\Request), Object(Closure))
#5 C:\\laragon\\www\\Workspace\\forum\\vendor\\laravel\\framework\\src\\Illuminate\\Foundation\\Http\\Middleware\\ValidatePostSize.php(27): Illuminate\\Pipeline\\Pipeline->Illuminate\\Pipeline\\{closure}(Object(Illuminate\\Http\\Request))
#6 C:\\laragon\\www\\Workspace\\forum\\vendor\\laravel\\framework\\src\\Illuminate\\Pipeline\\Pipeline.php(171): Illuminate\\Foundation\\Http\\Middleware\\ValidatePostSize->handle(Object(Illuminate\\Http\\Request), Object(Closure))
#7 C:\\laragon\\www\\Workspace\\forum\\vendor\\laravel\\framework\\src\\Illuminate\\Foundation\\Http\\Middleware\\CheckForMaintenanceMode.php(62): Illuminate\\Pipeline\\Pipeline->Illuminate\\Pipeline\\{closure}(Object(Illuminate\\Http\\Request))
#8 C:\\laragon\\www\\Workspace\\forum\\vendor\\laravel\\framework\\src\\Illuminate\\Pipeline\\Pipeline.php(171): Illuminate\\Foundation\\Http\\Middleware\\CheckForMaintenanceMode->handle(Object(Illuminate\\Http\\Request), Object(Closure))
#9 C:\\laragon\\www\\Workspace\\forum\\vendor\\fideloper\\proxy\\src\\TrustProxies.php(57): Illuminate\\Pipeline\\Pipeline->Illuminate\\Pipeline\\{closure}(Object(Illuminate\\Http\\Request))
#10 C:\\laragon\\www\\Workspace\\forum\\vendor\\laravel\\framework\\src\\Illuminate\\Pipeline\\Pipeline.php(171): Fideloper\\Proxy\\TrustProxies->handle(Object(Illuminate\\Http\\Request), Object(Closure))
#11 C:\\laragon\\www\\Workspace\\forum\\vendor\\laravel\\framework\\src\\Illuminate\\Pipeline\\Pipeline.php(105): Illuminate\\Pipeline\\Pipeline->Illuminate\\Pipeline\\{closure}(Object(Illuminate\\Http\\Request))
#12 C:\\laragon\\www\\Workspace\\forum\\vendor\\laravel\\framework\\src\\Illuminate\\Foundation\\Http\\Kernel.php(151): Illuminate\\Pipeline\\Pipeline->then(Object(Closure))
#13 C:\\laragon\\www\\Workspace\\forum\\vendor\\laravel\\framework\\src\\Illuminate\\Foundation\\Http\\Kernel.php(116): Illuminate\\Foundation\\Http\\Kernel->sendRequestThroughRouter(Object(Illuminate\\Http\\Request))
#14 C:\\laragon\\www\\Workspace\\forum\\vendor\\laravel\\framework\\src\\Illuminate\\Foundation\\Testing\\Concerns\\MakesHttpRequests.php(434): Illuminate\\Foundation\\Http\\Kernel->handle(Object(Illuminate\\Http\\Request))
#15 C:\\laragon\\www\\Workspace\\forum\\vendor\\laravel\\framework\\src\\Illuminate\\Foundation\\Testing\\Concerns\\MakesHttpRequests.php(224): Illuminate\\Foundation\\Testing\\TestCase->call('GET', '/student', Array, Array, Array, Array)
#16 C:\\laragon\\www\\Workspace\\forum\\tests\\Feature\\HomeTest.php(14): Illuminate\\Foundation\\Testing\\TestCase->get('/student')
#17 C:\\laragon\\www\\Workspace\\forum\\vendor\\phpunit\\phpunit\\src\\Framework\\TestCase.php(1400): Tests\\Feature\\HomeTest->testStudentPage()
#18 C:\\laragon\\www\\Workspace\\forum\\vendor\\phpunit\\phpunit\\src\\Framework\\TestCase.php(1020): PHPUnit\\Framework\\TestCase->runTest()
#19 C:\\laragon\\www\\Workspace\\forum\\vendor\\phpunit\\phpunit\\src\\Framework\\TestResult.php(691): PHPUnit\\Framework\\TestCase->runBare()
#20 C:\\laragon\\www\\Workspace\\forum\\vendor\\phpunit\\phpunit\\src\\Framework\\TestCase.php(752): PHPUnit\\Framework\\TestResult->run(Object(Tests\\Feature\\HomeTest))
#21 C:\\laragon\\www\\Workspace\\forum\\vendor\\phpunit\\phpunit\\src\\Framework\\TestSuite.php(569): PHPUnit\\Framework\\TestCase->run(Object(PHPUnit\\Framework\\TestResult))
#22 C:\\laragon\\www\\Workspace\\forum\\vendor\\phpunit\\phpunit\\src\\Framework\\TestSuite.php(569): PHPUnit\\Framework\\TestSuite->run(Object(PHPUnit\\Framework\\TestResult))
#23 C:\\laragon\\www\\Workspace\\forum\\vendor\\phpunit\\phpunit\\src\\Framework\\TestSuite.php(569): PHPUnit\\Framework\\TestSuite->run(Object(PHPUnit\\Framework\\TestResult))
#24 C:\\laragon\\www\\Workspace\\forum\\vendor\\phpunit\\phpunit\\src\\TextUI\\TestRunner.php(616): PHPUnit\\Framework\\TestSuite->run(Object(PHPUnit\\Framework\\TestResult))
#25 C:\\laragon\\www\\Workspace\\forum\\vendor\\phpunit\\phpunit\\src\\TextUI\\Command.php(200): PHPUnit\\TextUI\\TestRunner->doRun(Object(PHPUnit\\Framework\\TestSuite), Array, true)
#26 C:\\laragon\\www\\Workspace\\forum\\vendor\\phpunit\\phpunit\\src\\TextUI\\Command.php(159): PHPUnit\\TextUI\\Command->run(Array, true)
#27 C:\\laragon\\www\\Workspace\\forum\\vendor\\phpunit\\phpunit\\phpunit(61): PHPUnit\\TextUI\\Command::main()
#28 {main}
"} 
[2019-12-30 16:48:26] testing.ERROR: Cannot modify header information - headers already sent by (output started at C:\laragon\www\Workspace\forum\vendor\phpunit\phpunit\src\Util\Printer.php:113) {"exception":"[object] (ErrorException(code: 0): Cannot modify header information - headers already sent by (output started at C:\\laragon\\www\\Workspace\\forum\\vendor\\phpunit\\phpunit\\src\\Util\\Printer.php:113) at C:\\laragon\\www\\Workspace\\forum\\app\\Http\\Middleware\\Cors.php:8)
[stacktrace]
#0 [internal function]: Illuminate\\Foundation\\Bootstrap\\HandleExceptions->handleError(2, 'Cannot modify h...', 'C:\\\\laragon\\\\www\\\\...', 8, Array)
#1 C:\\laragon\\www\\Workspace\\forum\\app\\Http\\Middleware\\Cors.php(8): header('Access-Control-...')
#2 C:\\laragon\\www\\Workspace\\forum\\vendor\\laravel\\framework\\src\\Illuminate\\Pipeline\\Pipeline.php(171): App\\Http\\Middleware\\CORS->handle(Object(Illuminate\\Http\\Request), Object(Closure))
#3 C:\\laragon\\www\\Workspace\\forum\\vendor\\laravel\\framework\\src\\Illuminate\\Foundation\\Http\\Middleware\\TransformsRequest.php(21): Illuminate\\Pipeline\\Pipeline->Illuminate\\Pipeline\\{closure}(Object(Illuminate\\Http\\Request))
#4 C:\\laragon\\www\\Workspace\\forum\\vendor\\laravel\\framework\\src\\Illuminate\\Pipeline\\Pipeline.php(171): Illuminate\\Foundation\\Http\\Middleware\\TransformsRequest->handle(Object(Illuminate\\Http\\Request), Object(Closure))
#5 C:\\laragon\\www\\Workspace\\forum\\vendor\\laravel\\framework\\src\\Illuminate\\Foundation\\Http\\Middleware\\ValidatePostSize.php(27): Illuminate\\Pipeline\\Pipeline->Illuminate\\Pipeline\\{closure}(Object(Illuminate\\Http\\Request))
#6 C:\\laragon\\www\\Workspace\\forum\\vendor\\laravel\\framework\\src\\Illuminate\\Pipeline\\Pipeline.php(171): Illuminate\\Foundation\\Http\\Middleware\\ValidatePostSize->handle(Object(Illuminate\\Http\\Request), Object(Closure))
#7 C:\\laragon\\www\\Workspace\\forum\\vendor\\laravel\\framework\\src\\Illuminate\\Foundation\\Http\\Middleware\\CheckForMaintenanceMode.php(62): Illuminate\\Pipeline\\Pipeline->Illuminate\\Pipeline\\{closure}(Object(Illuminate\\Http\\Request))
#8 C:\\laragon\\www\\Workspace\\forum\\vendor\\laravel\\framework\\src\\Illuminate\\Pipeline\\Pipeline.php(171): Illuminate\\Foundation\\Http\\Middleware\\CheckForMaintenanceMode->handle(Object(Illuminate\\Http\\Request), Object(Closure))
#9 C:\\laragon\\www\\Workspace\\forum\\vendor\\fideloper\\proxy\\src\\TrustProxies.php(57): Illuminate\\Pipeline\\Pipeline->Illuminate\\Pipeline\\{closure}(Object(Illuminate\\Http\\Request))
#10 C:\\laragon\\www\\Workspace\\forum\\vendor\\laravel\\framework\\src\\Illuminate\\Pipeline\\Pipeline.php(171): Fideloper\\Proxy\\TrustProxies->handle(Object(Illuminate\\Http\\Request), Object(Closure))
#11 C:\\laragon\\www\\Workspace\\forum\\vendor\\laravel\\framework\\src\\Illuminate\\Pipeline\\Pipeline.php(105): Illuminate\\Pipeline\\Pipeline->Illuminate\\Pipeline\\{closure}(Object(Illuminate\\Http\\Request))
#12 C:\\laragon\\www\\Workspace\\forum\\vendor\\laravel\\framework\\src\\Illuminate\\Foundation\\Http\\Kernel.php(151): Illuminate\\Pipeline\\Pipeline->then(Object(Closure))
#13 C:\\laragon\\www\\Workspace\\forum\\vendor\\laravel\\framework\\src\\Illuminate\\Foundation\\Http\\Kernel.php(116): Illuminate\\Foundation\\Http\\Kernel->sendRequestThroughRouter(Object(Illuminate\\Http\\Request))
#14 C:\\laragon\\www\\Workspace\\forum\\vendor\\laravel\\framework\\src\\Illuminate\\Foundation\\Testing\\Concerns\\MakesHttpRequests.php(434): Illuminate\\Foundation\\Http\\Kernel->handle(Object(Illuminate\\Http\\Request))
#15 C:\\laragon\\www\\Workspace\\forum\\vendor\\laravel\\framework\\src\\Illuminate\\Foundation\\Testing\\Concerns\\MakesHttpRequests.php(224): Illuminate\\Foundation\\Testing\\TestCase->call('GET', '/student', Array, Array, Array, Array)
#16 C:\\laragon\\www\\Workspace\\forum\\tests\\Feature\\HomeTest.php(14): Illuminate\\Foundation\\Testing\\TestCase->get('/student')
#17 C:\\laragon\\www\\Workspace\\forum\\vendor\\phpunit\\phpunit\\src\\Framework\\TestCase.php(1400): Tests\\Feature\\HomeTest->testStudentPage()
#18 C:\\laragon\\www\\Workspace\\forum\\vendor\\phpunit\\phpunit\\src\\Framework\\TestCase.php(1020): PHPUnit\\Framework\\TestCase->runTest()
#19 C:\\laragon\\www\\Workspace\\forum\\vendor\\phpunit\\phpunit\\src\\Framework\\TestResult.php(691): PHPUnit\\Framework\\TestCase->runBare()
#20 C:\\laragon\\www\\Workspace\\forum\\vendor\\phpunit\\phpunit\\src\\Framework\\TestCase.php(752): PHPUnit\\Framework\\TestResult->run(Object(Tests\\Feature\\HomeTest))
#21 C:\\laragon\\www\\Workspace\\forum\\vendor\\phpunit\\phpunit\\src\\Framework\\TestSuite.php(569): PHPUnit\\Framework\\TestCase->run(Object(PHPUnit\\Framework\\TestResult))
#22 C:\\laragon\\www\\Workspace\\forum\\vendor\\phpunit\\phpunit\\src\\Framework\\TestSuite.php(569): PHPUnit\\Framework\\TestSuite->run(Object(PHPUnit\\Framework\\TestResult))
#23 C:\\laragon\\www\\Workspace\\forum\\vendor\\phpunit\\phpunit\\src\\Framework\\TestSuite.php(569): PHPUnit\\Framework\\TestSuite->run(Object(PHPUnit\\Framework\\TestResult))
#24 C:\\laragon\\www\\Workspace\\forum\\vendor\\phpunit\\phpunit\\src\\TextUI\\TestRunner.php(616): PHPUnit\\Framework\\TestSuite->run(Object(PHPUnit\\Framework\\TestResult))
#25 C:\\laragon\\www\\Workspace\\forum\\vendor\\phpunit\\phpunit\\src\\TextUI\\Command.php(200): PHPUnit\\TextUI\\TestRunner->doRun(Object(PHPUnit\\Framework\\TestSuite), Array, true)
#26 C:\\laragon\\www\\Workspace\\forum\\vendor\\phpunit\\phpunit\\src\\TextUI\\Command.php(159): PHPUnit\\TextUI\\Command->run(Array, true)
#27 C:\\laragon\\www\\Workspace\\forum\\vendor\\phpunit\\phpunit\\phpunit(61): PHPUnit\\TextUI\\Command::main()
#28 {main}
"} 
